carService/app/build/intermediates/manifest_merge_blame_file/release/manifest-merger-blame-release-report.txt
1<?xml version="1.0" encoding="utf-8"?>
2<manifest xmlns:android="http://schemas.android.com/apk/res/android"
3    package="com.uapps.dehalakshana"
4    android:versionCode="20"
5    android:versionName="2.2.4" >
6
7    <uses-sdk
8        android:minSdkVersion="26"
9        android:targetSdkVersion="36" />
10
11    <uses-feature
11-->src\main\AndroidManifest.xml:6:5-8:36
12        android:name="android.hardware.telephony"
12-->src\main\AndroidManifest.xml:7:9-50
13        android:required="false" />
13-->src\main\AndroidManifest.xml:8:9-33
14
15    <uses-permission android:name="android.permission.INTERNET" />
15-->src\main\AndroidManifest.xml:10:5-67
15-->src\main\AndroidManifest.xml:10:22-64
16    <uses-permission android:name="android.permission.CALL_PHONE" />
16-->src\main\AndroidManifest.xml:11:5-69
16-->src\main\AndroidManifest.xml:11:22-66
17
18    <queries>
18-->[com.facebook.android:audience-network-sdk:6.14.0] AndroidManifest.xml:11:5-13:15
19        <package android:name="com.facebook.katana" />
19-->[com.facebook.android:audience-network-sdk:6.14.0] AndroidManifest.xml:12:9-55
19-->[com.facebook.android:audience-network-sdk:6.14.0] AndroidManifest.xml:12:18-52
20    </queries>
21
22    <uses-permission android:name="android.permission.ACCESS_NETWORK_STATE" />
22-->[com.facebook.android:audience-network-sdk:6.14.0] AndroidManifest.xml:16:5-79
22-->[com.facebook.android:audience-network-sdk:6.14.0] AndroidManifest.xml:16:22-76
23    <uses-permission android:name="com.google.android.gms.permission.AD_ID" />
23-->[com.facebook.android:audience-network-sdk:6.14.0] AndroidManifest.xml:17:5-79
23-->[com.facebook.android:audience-network-sdk:6.14.0] AndroidManifest.xml:17:22-76
24
25    <permission
25-->[androidx.core:core:1.13.0] AndroidManifest.xml:22:5-24:47
26        android:name="com.uapps.dehalakshana.DYNAMIC_RECEIVER_NOT_EXPORTED_PERMISSION"
26-->[androidx.core:core:1.13.0] AndroidManifest.xml:23:9-81
27        android:protectionLevel="signature" />
27-->[androidx.core:core:1.13.0] AndroidManifest.xml:24:9-44
28
29    <uses-permission android:name="com.uapps.dehalakshana.DYNAMIC_RECEIVER_NOT_EXPORTED_PERMISSION" />
29-->[androidx.core:core:1.13.0] AndroidManifest.xml:26:5-97
29-->[androidx.core:core:1.13.0] AndroidManifest.xml:26:22-94
30
31    <application
31-->src\main\AndroidManifest.xml:14:5-70:19
32        android:allowBackup="true"
32-->src\main\AndroidManifest.xml:15:9-35
33        android:appComponentFactory="android.support.v4.app.CoreComponentFactory"
33-->src\main\AndroidManifest.xml:18:9-82
34        android:extractNativeLibs="false"
35        android:icon="@drawable/ic_launcher"
35-->src\main\AndroidManifest.xml:16:9-45
36        android:label="@string/app_name"
36-->src\main\AndroidManifest.xml:17:9-41
37        android:theme="@style/AppTheme" >
37-->src\main\AndroidManifest.xml:20:9-40
38        <activity
38-->src\main\AndroidManifest.xml:21:9-25:20
39            android:name="com.uapps.dehalakshana.activity.MainActivity"
39-->src\main\AndroidManifest.xml:22:13-50
40            android:label="@string/app_name"
40-->src\main\AndroidManifest.xml:23:13-45
41            android:screenOrientation="portrait" >
41-->src\main\AndroidManifest.xml:24:13-49
42        </activity>
43        <activity
43-->src\main\AndroidManifest.xml:26:9-38:20
44            android:name="com.uapps.dehalakshana.activity.SplashActivity"
44-->src\main\AndroidManifest.xml:28:13-52
45            android:configChanges="orientation|keyboardHidden|screenSize"
45-->src\main\AndroidManifest.xml:29:13-74
46            android:exported="true"
46-->src\main\AndroidManifest.xml:27:13-36
47            android:label="@string/app_name"
47-->src\main\AndroidManifest.xml:30:13-45
48            android:screenOrientation="portrait"
48-->src\main\AndroidManifest.xml:31:13-49
49            android:theme="@android:style/Theme.Black.NoTitleBar.Fullscreen" >
49-->src\main\AndroidManifest.xml:32:13-77
50            <intent-filter>
50-->src\main\AndroidManifest.xml:33:13-37:29
51                <action android:name="android.intent.action.MAIN" />
51-->src\main\AndroidManifest.xml:34:17-69
51-->src\main\AndroidManifest.xml:34:25-66
52
53                <category android:name="android.intent.category.LAUNCHER" />
53-->src\main\AndroidManifest.xml:36:17-77
53-->src\main\AndroidManifest.xml:36:27-74
54            </intent-filter>
55        </activity>
56        <activity
56-->src\main\AndroidManifest.xml:39:9-43:20
57            android:name="com.uapps.dehalakshana.activity.ViewContentActivity"
57-->src\main\AndroidManifest.xml:40:13-57
58            android:label="@string/empty"
58-->src\main\AndroidManifest.xml:41:13-42
59            android:screenOrientation="portrait" >
59-->src\main\AndroidManifest.xml:42:13-49
60        </activity>
61
62        <!--
63        <meta-data
64            android:name="com.google.android.gms.version"
65            android:value="@integer/google_play_services_version" />
66
67        <activity
68            android:name="com.google.android.gms.ads.AdActivity"
69            android:configChanges="keyboard|keyboardHidden|orientation|screenLayout|uiMode|screenSize|smallestScreenSize" />
70        -->
71
72        <activity
72-->src\main\AndroidManifest.xml:53:9-56:20
73            android:name="com.uapps.dehalakshana.activity.TitleListActivity"
73-->src\main\AndroidManifest.xml:54:13-55
74            android:label="@string/title_activity_title_list" >
74-->src\main\AndroidManifest.xml:55:13-62
75        </activity>
76        <activity
76-->src\main\AndroidManifest.xml:57:9-60:20
77            android:name="com.uapps.dehalakshana.activity.UpanLapaActivity"
77-->src\main\AndroidManifest.xml:58:13-54
78            android:label="@string/title_activity_upan_lapa" >
78-->src\main\AndroidManifest.xml:59:13-61
79        </activity>
80        <activity
80-->src\main\AndroidManifest.xml:61:9-64:20
81            android:name="com.uapps.dehalakshana.activity.UpanLapaResActivity"
81-->src\main\AndroidManifest.xml:62:13-57
82            android:label="@string/title_activity_upan_lapa_res" >
82-->src\main\AndroidManifest.xml:63:13-65
83        </activity>
84        <activity
84-->src\main\AndroidManifest.xml:65:9-68:20
85            android:name="com.uapps.dehalakshana.activity.ViewContent"
85-->src\main\AndroidManifest.xml:65:19-55
86            android:label="@string/empty"
86-->src\main\AndroidManifest.xml:66:13-42
87            android:screenOrientation="portrait" >
87-->src\main\AndroidManifest.xml:67:13-49
88        </activity>
89        <activity
89-->[com.facebook.android:audience-network-sdk:6.14.0] AndroidManifest.xml:20:9-24:75
90            android:name="com.facebook.ads.AudienceNetworkActivity"
90-->[com.facebook.android:audience-network-sdk:6.14.0] AndroidManifest.xml:21:13-68
91            android:configChanges="keyboardHidden|orientation|screenSize"
91-->[com.facebook.android:audience-network-sdk:6.14.0] AndroidManifest.xml:22:13-74
92            android:exported="false"
92-->[com.facebook.android:audience-network-sdk:6.14.0] AndroidManifest.xml:23:13-37
93            android:theme="@android:style/Theme.Translucent.NoTitleBar" />
93-->[com.facebook.android:audience-network-sdk:6.14.0] AndroidManifest.xml:24:13-72
94
95        <provider
95-->[com.facebook.android:audience-network-sdk:6.14.0] AndroidManifest.xml:26:9-29:40
96            android:name="com.facebook.ads.AudienceNetworkContentProvider"
96-->[com.facebook.android:audience-network-sdk:6.14.0] AndroidManifest.xml:27:13-75
97            android:authorities="com.uapps.dehalakshana.AudienceNetworkContentProvider"
97-->[com.facebook.android:audience-network-sdk:6.14.0] AndroidManifest.xml:28:13-82
98            android:exported="false" />
98-->[com.facebook.android:audience-network-sdk:6.14.0] AndroidManifest.xml:29:13-37
99
100        <meta-data
100-->[com.google.android.gms:play-services-basement:11.0.4] AndroidManifest.xml:20:9-121
101            android:name="com.google.android.gms.version"
101-->[com.google.android.gms:play-services-basement:11.0.4] AndroidManifest.xml:20:20-65
102            android:value="@integer/google_play_services_version" />
102-->[com.google.android.gms:play-services-basement:11.0.4] AndroidManifest.xml:20:66-119
103
104        <provider
104-->[androidx.emoji2:emoji2:1.2.0] AndroidManifest.xml:24:9-32:20
105            android:name="androidx.startup.InitializationProvider"
105-->[androidx.emoji2:emoji2:1.2.0] AndroidManifest.xml:25:13-67
106            android:authorities="com.uapps.dehalakshana.androidx-startup"
106-->[androidx.emoji2:emoji2:1.2.0] AndroidManifest.xml:26:13-68
107            android:exported="false" >
107-->[androidx.emoji2:emoji2:1.2.0] AndroidManifest.xml:27:13-37
108            <meta-data
108-->[androidx.emoji2:emoji2:1.2.0] AndroidManifest.xml:29:13-31:52
109                android:name="androidx.emoji2.text.EmojiCompatInitializer"
109-->[androidx.emoji2:emoji2:1.2.0] AndroidManifest.xml:30:17-75
110                android:value="androidx.startup" />
110-->[androidx.emoji2:emoji2:1.2.0] AndroidManifest.xml:31:17-49
111            <meta-data
111-->[androidx.lifecycle:lifecycle-process:2.6.2] AndroidManifest.xml:29:13-31:52
112                android:name="androidx.lifecycle.ProcessLifecycleInitializer"
112-->[androidx.lifecycle:lifecycle-process:2.6.2] AndroidManifest.xml:30:17-78
113                android:value="androidx.startup" />
113-->[androidx.lifecycle:lifecycle-process:2.6.2] AndroidManifest.xml:31:17-49
114            <meta-data
114-->[androidx.profileinstaller:profileinstaller:1.3.0] AndroidManifest.xml:29:13-31:52
115                android:name="androidx.profileinstaller.ProfileInstallerInitializer"
115-->[androidx.profileinstaller:profileinstaller:1.3.0] AndroidManifest.xml:30:17-85
116                android:value="androidx.startup" />
116-->[androidx.profileinstaller:profileinstaller:1.3.0] AndroidManifest.xml:31:17-49
117        </provider>
118
119        <receiver
119-->[androidx.profileinstaller:profileinstaller:1.3.0] AndroidManifest.xml:34:9-52:20
120            android:name="androidx.profileinstaller.ProfileInstallReceiver"
120-->[androidx.profileinstaller:profileinstaller:1.3.0] AndroidManifest.xml:35:13-76
121            android:directBootAware="false"
121-->[androidx.profileinstaller:profileinstaller:1.3.0] AndroidManifest.xml:36:13-44
122            android:enabled="true"
122-->[androidx.profileinstaller:profileinstaller:1.3.0] AndroidManifest.xml:37:13-35
123            android:exported="true"
123-->[androidx.profileinstaller:profileinstaller:1.3.0] AndroidManifest.xml:38:13-36
124            android:permission="android.permission.DUMP" >
124-->[androidx.profileinstaller:profileinstaller:1.3.0] AndroidManifest.xml:39:13-57
125            <intent-filter>
125-->[androidx.profileinstaller:profileinstaller:1.3.0] AndroidManifest.xml:40:13-42:29
126                <action android:name="androidx.profileinstaller.action.INSTALL_PROFILE" />
126-->[androidx.profileinstaller:profileinstaller:1.3.0] AndroidManifest.xml:41:17-91
126-->[androidx.profileinstaller:profileinstaller:1.3.0] AndroidManifest.xml:41:25-88
127            </intent-filter>
128            <intent-filter>
128-->[androidx.profileinstaller:profileinstaller:1.3.0] AndroidManifest.xml:43:13-45:29
129                <action android:name="androidx.profileinstaller.action.SKIP_FILE" />
129-->[androidx.profileinstaller:profileinstaller:1.3.0] AndroidManifest.xml:44:17-85
129-->[androidx.profileinstaller:profileinstaller:1.3.0] AndroidManifest.xml:44:25-82
130            </intent-filter>
131            <intent-filter>
131-->[androidx.profileinstaller:profileinstaller:1.3.0] AndroidManifest.xml:46:13-48:29
132                <action android:name="androidx.profileinstaller.action.SAVE_PROFILE" />
132-->[androidx.profileinstaller:profileinstaller:1.3.0] AndroidManifest.xml:47:17-88
132-->[androidx.profileinstaller:profileinstaller:1.3.0] AndroidManifest.xml:47:25-85
133            </intent-filter>
134            <intent-filter>
134-->[androidx.profileinstaller:profileinstaller:1.3.0] AndroidManifest.xml:49:13-51:29
135                <action android:name="androidx.profileinstaller.action.BENCHMARK_OPERATION" />
135-->[androidx.profileinstaller:profileinstaller:1.3.0] AndroidManifest.xml:50:17-95
135-->[androidx.profileinstaller:profileinstaller:1.3.0] AndroidManifest.xml:50:25-92
136            </intent-filter>
137        </receiver>
138    </application>
139
140</manifest>